2023-03-25 12:52:14,523 INFO c.b.TechnicalJavaApplication [main] Starting TechnicalJavaApplication v0.0.1-SNAPSHOT using Java 1.8.0_212 on 07fbd947e1db with PID 1 (/TechnicalJava/TechnicalJava.jar started by root in /TechnicalJava)
2023-03-25 12:52:14,540 DEBUG c.b.TechnicalJavaApplication [main] Running with Spring Boot v2.7.9, Spring v5.3.25
2023-03-25 12:52:14,541 INFO c.b.TechnicalJavaApplication [main] No active profile set, falling back to 1 default profile: "default"
2023-03-25 12:52:22,194 INFO c.b.TechnicalJavaApplication [main] Started TechnicalJavaApplication in 8.453 seconds (JVM running for 10.629)
2023-03-25 12:53:40,658 DEBUG c.b.c.DataController [http-nio-8080-exec-10] Data inserted successfully
2023-03-25 12:55:01,251 DEBUG c.b.c.DataController [http-nio-8080-exec-1] Data inserted successfully
2023-03-25 13:56:26,730 DEBUG c.b.u.CsvUtils [main] Converted csv data::id,vowelscount
1,0
2,0

2023-03-25 13:56:26,740 DEBUG c.b.u.CsvUtils [main] Converted csv data::id,vowelscount
1,5
2,2

2023-03-25 13:56:26,741 DEBUG c.b.u.CsvUtils [main] Converted csv data::id,vowelscount
1,0
2,0

2023-03-25 13:04:12,063 INFO c.b.TechnicalJavaApplication [main] Starting TechnicalJavaApplication v0.0.1-SNAPSHOT using Java 1.8.0_212 on 8393f1bb49e9 with PID 1 (/TechnicalJava/TechnicalJava.jar started by root in /TechnicalJava)
2023-03-25 13:04:12,083 DEBUG c.b.TechnicalJavaApplication [main] Running with Spring Boot v2.7.9, Spring v5.3.25
2023-03-25 13:04:12,085 INFO c.b.TechnicalJavaApplication [main] No active profile set, falling back to 1 default profile: "default"
2023-03-25 13:04:20,722 INFO c.b.TechnicalJavaApplication [main] Started TechnicalJavaApplication in 9.599 seconds (JVM running for 11.472)
2023-03-25 13:04:29,830 DEBUG c.b.b.i.DataServiceImpl [http-nio-8080-exec-2] Response data::{result=[], totalItems=0, totalPages=0, currentPage=0}
2023-03-25 13:04:29,833 DEBUG c.b.c.DataController [http-nio-8080-exec-2] Data fetched successfully
2023-03-25 13:04:36,070 DEBUG c.b.c.DataController [http-nio-8080-exec-3] Data inserted successfully
2023-03-25 13:04:38,125 DEBUG c.b.c.DataController [http-nio-8080-exec-4] Data inserted successfully
2023-03-25 13:05:11,763 DEBUG c.b.c.DataController [http-nio-8080-exec-2] Data inserted successfully
2023-03-25 15:14:04,023 DEBUG c.b.u.CsvUtils [main] Converted csv data::id,vowelscount
1,0
2,0

2023-03-25 15:14:04,034 DEBUG c.b.u.CsvUtils [main] Converted csv data::id,vowelscount
1,5
2,2

2023-03-25 15:14:04,036 DEBUG c.b.u.CsvUtils [main] Converted csv data::id,vowelscount
1,0
2,0

2023-03-25 15:14:45,808 DEBUG c.b.u.CsvUtils [main] Converted csv data::id,vowelscount
1,0
2,0

2023-03-25 15:15:42,798 DEBUG c.b.u.CsvUtils [main] Converted csv data::id,vowelscount
1,0
2,0

2023-03-25 15:21:53,621 DEBUG c.b.u.CsvUtils [main] Converted csv data::id,vowelscount
1,3
2,5

2023-03-25 15:22:05,812 DEBUG c.b.u.CsvUtils [main] Converted csv data::id,vowelscount
1,3
2,5

2023-03-25 15:23:54,571 DEBUG c.b.u.CsvUtils [main] Converted csv data::id,vowelscount
1,3
2,5

2023-03-25 15:24:17,725 DEBUG c.b.u.CsvUtils [main] Converted csv data::id,vowelscount
1,3
2,5

2023-03-25 15:25:24,009 DEBUG c.b.u.CsvUtils [main] Converted csv data::id,vowelscount
1,3
2,5

2023-03-25 15:25:45,381 DEBUG c.b.u.CsvUtils [main] Converted csv data::id,vowelscount
1,3
2,5

2023-03-25 15:26:05,248 DEBUG c.b.u.CsvUtils [main] Converted csv data::id,vowelscount
1,3
2,5

2023-03-25 15:27:27,192 DEBUG c.b.u.CsvUtils [main] Converted csv data::id,vowelscount
1,0

2023-03-25 15:27:36,250 DEBUG c.b.u.CsvUtils [main] Converted csv data::id,vowelscount
1,0

2023-03-25 15:29:04,454 DEBUG c.b.u.CsvUtils [main] Converted csv data::id,vowelscount
1,1

2023-03-25 15:29:21,641 DEBUG c.b.u.CsvUtils [main] Converted csv data::id,vowelscount
1,0

2023-03-25 15:29:43,013 DEBUG c.b.u.CsvUtils [main] Converted csv data::id,vowelscount
1,0

2023-03-25 15:30:02,680 DEBUG c.b.u.CsvUtils [main] Converted csv data::id,vowelscount
1,3
2,9

2023-03-25 15:30:14,990 DEBUG c.b.u.CsvUtils [main] Converted csv data::id,vowelscount
1,3
2,9

2023-03-25 15:30:15,008 DEBUG c.b.u.CsvUtils [main] Converted csv data::id,vowelscount
1,0

2023-03-25 15:30:15,010 DEBUG c.b.u.CsvUtils [main] Converted csv data::id,vowelscount
1,0

